INUM:        0 PC: 0x0000 REG: 0 VALUE: 0x0001
INUM:        1 PC: 0x0002
INUM:        2 PC: 0x0004
INUM:        3 PC: 0x0006
INUM:        4 PC: 0x0008
INUM:        5 PC: 0x000a
INUM:        6 PC: 0x000c REG: 1 VALUE: 0x0002
INUM:        7 PC: 0x000e
INUM:        8 PC: 0x0010
INUM:        9 PC: 0x0012
INUM:       10 PC: 0x0014
INUM:       11 PC: 0x0016
INUM:       12 PC: 0x0018 REG: 2 VALUE: 0x0003
INUM:       13 PC: 0x001a
INUM:       14 PC: 0x001c
INUM:       15 PC: 0x001e
INUM:       16 PC: 0x0020
INUM:       17 PC: 0x0022
INUM:       18 PC: 0x0024 REG: 2 VALUE: 0xffff
INUM:       19 PC: 0x0026
INUM:       20 PC: 0x0028
INUM:       21 PC: 0x002a
INUM:       22 PC: 0x002c
INUM:       23 PC: 0x002e
INUM:       24 PC: 0x0030
INUM:       25 PC: 0x0032 REG: 2 VALUE: 0x0003
INUM:       26 PC: 0x0034
INUM:       27 PC: 0x0036
INUM:       28 PC: 0x0038
INUM:       29 PC: 0x003a
INUM:       30 PC: 0x003c
INUM:       31 PC: 0x003e
INUM:       32 PC: 0x0040 REG: 2 VALUE: 0x0002
INUM:       33 PC: 0x0042
INUM:       34 PC: 0x0044
INUM:       35 PC: 0x0046
INUM:       36 PC: 0x0048
INUM:       37 PC: 0x004a
INUM:       38 PC: 0x004c
INUM:       39 PC: 0x004e REG: 2 VALUE: 0x0004
INUM:       40 PC: 0x0050
INUM:       41 PC: 0x0052
INUM:       42 PC: 0x0054
INUM:       43 PC: 0x0056
INUM:       44 PC: 0x0058
INUM:       45 PC: 0x005a
INUM:       46 PC: 0x005c REG: 2 VALUE: 0x0004
INUM:       47 PC: 0x005e
INUM:       48 PC: 0x0060
INUM:       49 PC: 0x0062
INUM:       50 PC: 0x0064
INUM:       51 PC: 0x0066
INUM:       52 PC: 0x0068
INUM:       53 PC: 0x006a REG: 2 VALUE: 0x0001
INUM:       54 PC: 0x006c
INUM:       55 PC: 0x006e
INUM:       56 PC: 0x0070
INUM:       57 PC: 0x0072
INUM:       58 PC: 0x0074
INUM:       59 PC: 0x0076
INUM:       60 PC: 0x0078 REG: 2 VALUE: 0x0001
INUM:       61 PC: 0x007a
INUM:       62 PC: 0x007c
INUM:       63 PC: 0x007e
INUM:       64 PC: 0x0080
INUM:       65 PC: 0x0082
INUM:       66 PC: 0x0084
INUM:       67 PC: 0x0086 REG: 2 VALUE: 0x0000
INUM:       68 PC: 0x0088
INUM:       69 PC: 0x008a
INUM:       70 PC: 0x008c
INUM:       71 PC: 0x008e
INUM:       72 PC: 0x0090
INUM:       73 PC: 0x0092
INUM:       74 PC: 0x0094 REG: 2 VALUE: 0x0000
INUM:       75 PC: 0x0096
INUM:       76 PC: 0x0098
INUM:       77 PC: 0x009a
INUM:       78 PC: 0x009c
INUM:       79 PC: 0x009e
INUM:       80 PC: 0x00a0
INUM:       81 PC: 0x00a2 REG: 2 VALUE: 0x0000
INUM:       82 PC: 0x00a4
INUM:       83 PC: 0x00a6
INUM:       84 PC: 0x00a8
INUM:       85 PC: 0x00aa
INUM:       86 PC: 0x00ac
INUM:       87 PC: 0x00ae
INUM:       88 PC: 0x00b0 REG: 2 VALUE: 0x0000
INUM:       89 PC: 0x00b2
INUM:       90 PC: 0x00b4
INUM:       91 PC: 0x00b6
INUM:       92 PC: 0x00b8
INUM:       93 PC: 0x00ba
INUM:       94 PC: 0x00bc
INUM:       95 PC: 0x00be REG: 2 VALUE: 0x4000
INUM:       96 PC: 0x00c0
INUM:       97 PC: 0x00c2
INUM:       98 PC: 0x00c4
INUM:       99 PC: 0x00c6
INUM:      100 PC: 0x00c8
INUM:      101 PC: 0x00ca
INUM:      102 PC: 0x00cc
