0000 c001 lbi r0, 0x1
0002 0800 nop
0004 0800 nop
0006 0800 nop
0008 0800 nop
000a 0800 nop
000c c102 lbi r1, 0x2
000e 0800 nop
0010 0800 nop
0012 0800 nop
0014 0800 nop
0016 0800 nop
0018 d908 add r2, r1, r0
001a 0800 nop
001c 0800 nop
001e 0800 nop
0020 0800 nop
0022 0800 nop
0024 d909 sub r2, r1, r0
0026 0800 nop
0028 0800 nop
002a 0800 nop
002c 0800 nop
002e 0800 nop
0030 0800 nop
0032 d90a xor r2, r1, r0
0034 0800 nop
0036 0800 nop
0038 0800 nop
003a 0800 nop
003c 0800 nop
003e 0800 nop
0040 d90b andn r2, r1, r0
0042 0800 nop
0044 0800 nop
0046 0800 nop
0048 0800 nop
004a 0800 nop
004c 0800 nop
004e d108 rol r2, r1, r0
0050 0800 nop
0052 0800 nop
0054 0800 nop
0056 0800 nop
0058 0800 nop
005a 0800 nop
005c d109 sll r2, r1, r0
005e 0800 nop
0060 0800 nop
0062 0800 nop
0064 0800 nop
0066 0800 nop
0068 0800 nop
006a d10a ror r2, r1, r0
006c 0800 nop
006e 0800 nop
0070 0800 nop
0072 0800 nop
0074 0800 nop
0076 0800 nop
0078 d10b srl r2, r1, r0
007a 0800 nop
007c 0800 nop
007e 0800 nop
0080 0800 nop
0082 0800 nop
0084 0800 nop
0086 e108 seq r2, r1, r0
0088 0800 nop
008a 0800 nop
008c 0800 nop
008e 0800 nop
0090 0800 nop
0092 0800 nop
0094 e908 slt r2, r1, r0
0096 0800 nop
0098 0800 nop
009a 0800 nop
009c 0800 nop
009e 0800 nop
00a0 0800 nop
00a2 f108 sle r2, r1, r0
00a4 0800 nop
00a6 0800 nop
00a8 0800 nop
00aa 0800 nop
00ac 0800 nop
00ae 0800 nop
00b0 f908 sco r2, r1, r0
00b2 0800 nop
00b4 0800 nop
00b6 0800 nop
00b8 0800 nop
00ba 0800 nop
00bc 0800 nop
00be c908 btr r2, r1
00c0 0800 nop
00c2 0800 nop
00c4 0800 nop
00c6 0800 nop
00c8 0800 nop
00ca 0800 nop
00cc 0000 halt
