SIMLOG:: Cycle           4 PC: 00000000 I: 0000c001 R: 0   0 00000000 M: 0 0 00000000 00000000
SIMLOG:: Cycle           5 PC: 00000002 I: 00000800 R: 0   0 00000000 M: 0 0 0000xxxx 00000000
SIMLOG:: Cycle           6 PC: 00000004 I: 00000800 R: 0   0 0000xxxx M: 0 0 0000xxxx 00000000
SIMLOG:: Cycle           7 PC: 00000006 I: 00000800 R: 0   0 0000xxxx M: 0 0 00000001 00000000
SIMLOG:: Cycle           8 PC: 00000008 I: 00000800 R: 1   0 00000001 M: 0 0 0000xxxx 00000000
SIMLOG:: Cycle           9 PC: 0000000a I: 00000800 R: 0   0 0000xxxx M: 0 0 0000xxxx 00000000
SIMLOG:: Cycle          10 PC: 0000000c I: 0000c102 R: 0   0 0000xxxx M: 0 0 0000xxxx 00000000
SIMLOG:: Cycle          11 PC: 0000000e I: 00000800 R: 0   0 0000xxxx M: 0 0 0000xxxx 00000001
SIMLOG:: Cycle          12 PC: 00000010 I: 00000800 R: 0   0 0000xxxx M: 0 0 0000xxxx 00000001
SIMLOG:: Cycle          13 PC: 00000012 I: 00000800 R: 0   0 0000xxxx M: 0 0 00000002 00000001
SIMLOG:: Cycle          14 PC: 00000014 I: 00000800 R: 1   1 00000002 M: 0 0 0000xxxx 00000001
SIMLOG:: Cycle          15 PC: 00000016 I: 00000800 R: 0   0 0000xxxx M: 0 0 0000xxxx 00000001
SIMLOG:: Cycle          16 PC: 00000018 I: 0000d908 R: 0   0 0000xxxx M: 0 0 0000xxxx 00000001
SIMLOG:: Cycle          17 PC: 0000001a I: 00000800 R: 0   0 0000xxxx M: 0 0 0000xxxx 00000001
SIMLOG:: Cycle          18 PC: 0000001c I: 00000800 R: 0   0 0000xxxx M: 0 0 0000xxxx 00000001
SIMLOG:: Cycle          19 PC: 0000001e I: 00000800 R: 0   0 0000xxxx M: 0 0 00000003 00000001
SIMLOG:: Cycle          20 PC: 00000020 I: 00000800 R: 1   2 00000003 M: 0 0 0000xxxx 00000001
SIMLOG:: Cycle          21 PC: 00000022 I: 00000800 R: 0   0 0000xxxx M: 0 0 0000xxxx 00000001
SIMLOG:: Cycle          22 PC: 00000024 I: 0000d909 R: 0   0 0000xxxx M: 0 0 0000xxxx 00000001
SIMLOG:: Cycle          23 PC: 00000026 I: 00000800 R: 0   0 0000xxxx M: 0 0 0000xxxx 00000001
SIMLOG:: Cycle          24 PC: 00000028 I: 00000800 R: 0   0 0000xxxx M: 0 0 0000xxxx 00000001
SIMLOG:: Cycle          25 PC: 0000002a I: 00000800 R: 0   0 0000xxxx M: 0 0 0000ffff 00000001
SIMLOG:: Cycle          26 PC: 0000002c I: 00000800 R: 1   2 0000ffff M: 0 0 0000xxxx 00000001
SIMLOG:: Cycle          27 PC: 0000002e I: 00000800 R: 0   0 0000xxxx M: 0 0 0000xxxx 00000001
SIMLOG:: Cycle          28 PC: 00000030 I: 00000800 R: 0   0 0000xxxx M: 0 0 0000xxxx 00000001
SIMLOG:: Cycle          29 PC: 00000032 I: 0000d90a R: 0   0 0000xxxx M: 0 0 0000xxxx 00000001
SIMLOG:: Cycle          30 PC: 00000034 I: 00000800 R: 0   0 0000xxxx M: 0 0 0000xxxx 00000001
SIMLOG:: Cycle          31 PC: 00000036 I: 00000800 R: 0   0 0000xxxx M: 0 0 0000xxxx 00000001
SIMLOG:: Cycle          32 PC: 00000038 I: 00000800 R: 0   0 0000xxxx M: 0 0 00000003 00000001
SIMLOG:: Cycle          33 PC: 0000003a I: 00000800 R: 1   2 00000003 M: 0 0 0000xxxx 00000001
SIMLOG:: Cycle          34 PC: 0000003c I: 00000800 R: 0   0 0000xxxx M: 0 0 0000xxxx 00000001
SIMLOG:: Cycle          35 PC: 0000003e I: 00000800 R: 0   0 0000xxxx M: 0 0 0000xxxx 00000001
SIMLOG:: Cycle          36 PC: 00000040 I: 0000d90b R: 0   0 0000xxxx M: 0 0 0000xxxx 00000001
SIMLOG:: Cycle          37 PC: 00000042 I: 00000800 R: 0   0 0000xxxx M: 0 0 0000xxxx 00000001
SIMLOG:: Cycle          38 PC: 00000044 I: 00000800 R: 0   0 0000xxxx M: 0 0 0000xxxx 00000001
SIMLOG:: Cycle          39 PC: 00000046 I: 00000800 R: 0   0 0000xxxx M: 0 0 00000002 00000001
SIMLOG:: Cycle          40 PC: 00000048 I: 00000800 R: 1   2 00000002 M: 0 0 0000xxxx 00000001
SIMLOG:: Cycle          41 PC: 0000004a I: 00000800 R: 0   0 0000xxxx M: 0 0 0000xxxx 00000001
SIMLOG:: Cycle          42 PC: 0000004c I: 00000800 R: 0   0 0000xxxx M: 0 0 0000xxxx 00000001
SIMLOG:: Cycle          43 PC: 0000004e I: 0000d108 R: 0   0 0000xxxx M: 0 0 0000xxxx 00000001
SIMLOG:: Cycle          44 PC: 00000050 I: 00000800 R: 0   0 0000xxxx M: 0 0 0000xxxx 00000001
SIMLOG:: Cycle          45 PC: 00000052 I: 00000800 R: 0   0 0000xxxx M: 0 0 0000xxxx 00000001
SIMLOG:: Cycle          46 PC: 00000054 I: 00000800 R: 0   0 0000xxxx M: 0 0 00000004 00000001
SIMLOG:: Cycle          47 PC: 00000056 I: 00000800 R: 1   2 00000004 M: 0 0 0000xxxx 00000001
SIMLOG:: Cycle          48 PC: 00000058 I: 00000800 R: 0   0 0000xxxx M: 0 0 0000xxxx 00000001
SIMLOG:: Cycle          49 PC: 0000005a I: 00000800 R: 0   0 0000xxxx M: 0 0 0000xxxx 00000001
SIMLOG:: Cycle          50 PC: 0000005c I: 0000d109 R: 0   0 0000xxxx M: 0 0 0000xxxx 00000001
SIMLOG:: Cycle          51 PC: 0000005e I: 00000800 R: 0   0 0000xxxx M: 0 0 0000xxxx 00000001
SIMLOG:: Cycle          52 PC: 00000060 I: 00000800 R: 0   0 0000xxxx M: 0 0 0000xxxx 00000001
SIMLOG:: Cycle          53 PC: 00000062 I: 00000800 R: 0   0 0000xxxx M: 0 0 00000004 00000001
SIMLOG:: Cycle          54 PC: 00000064 I: 00000800 R: 1   2 00000004 M: 0 0 0000xxxx 00000001
SIMLOG:: Cycle          55 PC: 00000066 I: 00000800 R: 0   0 0000xxxx M: 0 0 0000xxxx 00000001
SIMLOG:: Cycle          56 PC: 00000068 I: 00000800 R: 0   0 0000xxxx M: 0 0 0000xxxx 00000001
SIMLOG:: Cycle          57 PC: 0000006a I: 0000d10a R: 0   0 0000xxxx M: 0 0 0000xxxx 00000001
SIMLOG:: Cycle          58 PC: 0000006c I: 00000800 R: 0   0 0000xxxx M: 0 0 0000xxxx 00000001
SIMLOG:: Cycle          59 PC: 0000006e I: 00000800 R: 0   0 0000xxxx M: 0 0 0000xxxx 00000001
SIMLOG:: Cycle          60 PC: 00000070 I: 00000800 R: 0   0 0000xxxx M: 0 0 00000001 00000001
SIMLOG:: Cycle          61 PC: 00000072 I: 00000800 R: 1   2 00000001 M: 0 0 0000xxxx 00000001
SIMLOG:: Cycle          62 PC: 00000074 I: 00000800 R: 0   0 0000xxxx M: 0 0 0000xxxx 00000001
SIMLOG:: Cycle          63 PC: 00000076 I: 00000800 R: 0   0 0000xxxx M: 0 0 0000xxxx 00000001
SIMLOG:: Cycle          64 PC: 00000078 I: 0000d10b R: 0   0 0000xxxx M: 0 0 0000xxxx 00000001
SIMLOG:: Cycle          65 PC: 0000007a I: 00000800 R: 0   0 0000xxxx M: 0 0 0000xxxx 00000001
SIMLOG:: Cycle          66 PC: 0000007c I: 00000800 R: 0   0 0000xxxx M: 0 0 0000xxxx 00000001
SIMLOG:: Cycle          67 PC: 0000007e I: 00000800 R: 0   0 0000xxxx M: 0 0 00000001 00000001
SIMLOG:: Cycle          68 PC: 00000080 I: 00000800 R: 1   2 00000001 M: 0 0 0000xxxx 00000001
SIMLOG:: Cycle          69 PC: 00000082 I: 00000800 R: 0   0 0000xxxx M: 0 0 0000xxxx 00000001
SIMLOG:: Cycle          70 PC: 00000084 I: 00000800 R: 0   0 0000xxxx M: 0 0 0000xxxx 00000001
SIMLOG:: Cycle          71 PC: 00000086 I: 0000e108 R: 0   0 0000xxxx M: 0 0 0000xxxx 00000001
SIMLOG:: Cycle          72 PC: 00000088 I: 00000800 R: 0   0 0000xxxx M: 0 0 0000xxxx 00000001
SIMLOG:: Cycle          73 PC: 0000008a I: 00000800 R: 0   0 0000xxxx M: 0 0 0000xxxx 00000001
SIMLOG:: Cycle          74 PC: 0000008c I: 00000800 R: 0   0 0000xxxx M: 0 0 00000000 00000001
SIMLOG:: Cycle          75 PC: 0000008e I: 00000800 R: 1   2 00000000 M: 0 0 0000xxxx 00000001
SIMLOG:: Cycle          76 PC: 00000090 I: 00000800 R: 0   0 0000xxxx M: 0 0 0000xxxx 00000001
SIMLOG:: Cycle          77 PC: 00000092 I: 00000800 R: 0   0 0000xxxx M: 0 0 0000xxxx 00000001
SIMLOG:: Cycle          78 PC: 00000094 I: 0000e908 R: 0   0 0000xxxx M: 0 0 0000xxxx 00000001
SIMLOG:: Cycle          79 PC: 00000096 I: 00000800 R: 0   0 0000xxxx M: 0 0 0000xxxx 00000001
SIMLOG:: Cycle          80 PC: 00000098 I: 00000800 R: 0   0 0000xxxx M: 0 0 0000xxxx 00000001
SIMLOG:: Cycle          81 PC: 0000009a I: 00000800 R: 0   0 0000xxxx M: 0 0 00000000 00000001
SIMLOG:: Cycle          82 PC: 0000009c I: 00000800 R: 1   2 00000000 M: 0 0 0000xxxx 00000001
SIMLOG:: Cycle          83 PC: 0000009e I: 00000800 R: 0   0 0000xxxx M: 0 0 0000xxxx 00000001
SIMLOG:: Cycle          84 PC: 000000a0 I: 00000800 R: 0   0 0000xxxx M: 0 0 0000xxxx 00000001
SIMLOG:: Cycle          85 PC: 000000a2 I: 0000f108 R: 0   0 0000xxxx M: 0 0 0000xxxx 00000001
SIMLOG:: Cycle          86 PC: 000000a4 I: 00000800 R: 0   0 0000xxxx M: 0 0 0000xxxx 00000001
SIMLOG:: Cycle          87 PC: 000000a6 I: 00000800 R: 0   0 0000xxxx M: 0 0 0000xxxx 00000001
SIMLOG:: Cycle          88 PC: 000000a8 I: 00000800 R: 0   0 0000xxxx M: 0 0 00000000 00000001
SIMLOG:: Cycle          89 PC: 000000aa I: 00000800 R: 1   2 00000000 M: 0 0 0000xxxx 00000001
SIMLOG:: Cycle          90 PC: 000000ac I: 00000800 R: 0   0 0000xxxx M: 0 0 0000xxxx 00000001
SIMLOG:: Cycle          91 PC: 000000ae I: 00000800 R: 0   0 0000xxxx M: 0 0 0000xxxx 00000001
SIMLOG:: Cycle          92 PC: 000000b0 I: 0000f908 R: 0   0 0000xxxx M: 0 0 0000xxxx 00000001
SIMLOG:: Cycle          93 PC: 000000b2 I: 00000800 R: 0   0 0000xxxx M: 0 0 0000xxxx 00000001
SIMLOG:: Cycle          94 PC: 000000b4 I: 00000800 R: 0   0 0000xxxx M: 0 0 0000xxxx 00000001
SIMLOG:: Cycle          95 PC: 000000b6 I: 00000800 R: 0   0 0000xxxx M: 0 0 00000000 00000001
SIMLOG:: Cycle          96 PC: 000000b8 I: 00000800 R: 1   2 00000000 M: 0 0 0000xxxx 00000001
SIMLOG:: Cycle          97 PC: 000000ba I: 00000800 R: 0   0 0000xxxx M: 0 0 0000xxxx 00000001
SIMLOG:: Cycle          98 PC: 000000bc I: 00000800 R: 0   0 0000xxxx M: 0 0 0000xxxx 00000001
SIMLOG:: Cycle          99 PC: 000000be I: 0000c908 R: 0   0 0000xxxx M: 0 0 0000xxxx 00000001
SIMLOG:: Cycle         100 PC: 000000c0 I: 00000800 R: 0   0 0000xxxx M: 0 0 0000xxxx 00000001
SIMLOG:: Cycle         101 PC: 000000c2 I: 00000800 R: 0   0 0000xxxx M: 0 0 0000xxxx 00000001
SIMLOG:: Cycle         102 PC: 000000c4 I: 00000800 R: 0   0 0000xxxx M: 0 0 00004000 00000001
SIMLOG:: Cycle         103 PC: 000000c6 I: 00000800 R: 1   2 00004000 M: 0 0 0000xxxx 00000001
SIMLOG:: Cycle         104 PC: 000000c8 I: 00000800 R: 0   0 0000xxxx M: 0 0 0000xxxx 00000001
SIMLOG:: Cycle         105 PC: 000000ca I: 00000800 R: 0   0 0000xxxx M: 0 0 0000xxxx 00000001
SIMLOG:: Cycle         106 PC: 000000cc I: 00000000 R: 0   0 0000xxxx M: 0 0 0000xxxx 00000001
SIMLOG:: Cycle         107 PC: 000000ce I: 00000000 R: 0   0 0000xxxx M: 0 0 0000xxxx 00000001
SIMLOG:: Cycle         108 PC: 000000d0 I: 00000000 R: 0   0 0000xxxx M: 0 0 0000xxxx 00000001
SIMLOG:: Cycle         109 PC: 000000d2 I: 00000000 R: 0   0 0000xxxx M: 0 0 0000xxxx 00000001
SIMLOG:: Processor halted

SIMLOG:: sim_cycles         109

SIMLOG:: inst_count          16

SIMLOG:: dcachehit_count           0

SIMLOG:: icachehit_count           0

SIMLOG:: dcachereq_count           0

SIMLOG:: icachereq_count           0

